[debug] > Exec(early(addDefaultCommands), None, None)
[debug] > Exec(addDefaultCommands, None, None)
[debug] > Exec(early(initialize), None, None)
[debug] > Exec(initialize, None, None)
[debug] > Exec(early(addPluginSbtFile="""C:\Users\tanya\AppData\Local\Temp\idea1.sbt"""), None, None)
[debug] > Exec(addPluginSbtFile="""C:\Users\tanya\AppData\Local\Temp\idea1.sbt""", None, None)
[debug] > Exec(boot, None, None)
[debug] > Exec(writeSbtVersion, None, None)
[debug] > Exec(reload, None, None)
[debug] > Exec(sbtStashOnFailure, None, None)
[debug] > Exec(onFailure loadFailed, None, None)
[debug] > Exec(loadp, None, None)
[info] welcome to sbt 1.4.7 (Oracle Corporation Java 11.0.6)
[debug]       Load.loadUnit: plugins took 159.8708ms
[debug]       Load.loadUnit: defsScala took 0.4813ms
[debug] [Loading] Scanning directory C:\Users\tanya\.sbt\1.0\plugins
[debug] [Loading] Found non-root projects 
[debug] [Loading] Done in C:\Users\tanya\.sbt\1.0\plugins, returning: ()
[debug] deducing auto plugins based on known facts Set(Atom(sbt.plugins.CorePlugin)) and clauses Clauses(List(Clause(Atom(sbt.plugins.JvmPlugin),Set(Atom(sbt.plugins.IvyPlugin))), Clause(Atom(sbt.ScriptedPlugin),Set(Atom(sbt.plugins.JvmPlugin))), Clause(Atom(sbt.plugins.SbtPlugin),Set(Atom(sbt.ScriptedPlugin))), Clause(Atom(sbt.plugins.SemanticdbPlugin),Set(Atom(sbt.plugins.JvmPlugin))), Clause(Atom(sbt.plugins.JUnitXmlReportPlugin),Set(Atom(sbt.plugins.JvmPlugin))), Clause(Atom(sbt.plugins.MiniDependencyTreePlugin),Set(Atom(sbt.plugins.JvmPlugin))), Clause(Atom(sbt.plugins.CorePlugin),Set(Atom(sbt.plugins.IvyPlugin))), Clause(Atom(sbt.plugins.IvyPlugin),Set(Atom(sbt.plugins.JvmPlugin))), Clause(Atom(sbt.plugins.JvmPlugin),Set(Atom(sbt.plugins.SemanticdbPlugin))), Clause(Atom(sbt.plugins.JvmPlugin),Set(Atom(sbt.plugins.JUnitXmlReportPlugin))), Clause(Atom(sbt.plugins.CorePlugin),Set(Atom(sbt.plugins.Giter8TemplatePlugin))), Clause(Atom(sbt.plugins.JvmPlugin),Set(Atom(sbt.plugins.MiniDependencyTreePlugin)))))
[debug]   :: deduced result: Matched(sbt.plugins.CorePlugin,sbt.plugins.Giter8TemplatePlugin,sbt.plugins.IvyPlugin,sbt.plugins.JvmPlugin,sbt.plugins.MiniDependencyTreePlugin,sbt.plugins.JUnitXmlReportPlugin,sbt.plugins.SemanticdbPlugin)
[debug] Plugins.deducer#function took 32.1501 ms
[debug]           Load.resolveProject(global-plugins) took 74.2462ms
[debug]         Load.loadTransitive: finalizeProject(Project(id global-plugins, base: C:\Users\tanya\.sbt\1.0\plugins, plugins: List(<none>))) took 145.5052ms
[debug] [Loading] Done in C:\Users\tanya\.sbt\1.0\plugins, returning: (global-plugins)
[debug]       Load.loadUnit: loadedProjectsRaw took 174.6469ms
[debug]       Load.loadUnit: cleanEvalClasses took 0.3837ms
[debug]     Load.loadUnit(file:/C:/Users/tanya/.sbt/1.0/plugins/, ...) took 348.8114ms
[debug]   Load.apply: load took 630.7377ms
[debug]   Load.apply: resolveProjects took 8.0056ms
[debug]   Load.apply: finalTransforms took 91.2842ms
[debug]   Load.apply: config.delegates took 10.2837ms
[debug]   Load.apply: Def.make(settings)... took 1095.1433ms
[debug]   Load.apply: structureIndex took 255.011ms
[debug]   Load.apply: mkStreams took 3.8077ms
[info] loading global plugins from C:\Users\tanya\.sbt\1.0\plugins
[debug] Running task... Cancel: Signal, check cycles: false, forcegc: true
[debug] Load.defaultLoad until apply took 4543.5243ms
[debug]           Load.loadUnit: plugins took 32.891ms
[debug]           Load.loadUnit: defsScala took 0.0058ms
[debug] [Loading] Scanning directory C:\Users\tanya\Documents\University\RTP\Lab1\project
[debug]             Load.loadUnit: mkEval took 14.4309ms
[debug] [Loading] Found non-root projects 
[debug] [Loading] Done in C:\Users\tanya\Documents\University\RTP\Lab1\project, returning: ()
[debug] deducing auto plugins based on known facts Set(Atom(sbt.plugins.CorePlugin)) and clauses Clauses(List(Clause(Atom(sbt.plugins.JvmPlugin),Set(Atom(sbt.plugins.IvyPlugin))), Clause(Atom(sbt.ScriptedPlugin),Set(Atom(sbt.plugins.JvmPlugin))), Clause(Atom(sbt.plugins.SbtPlugin),Set(Atom(sbt.ScriptedPlugin))), Clause(Atom(sbt.plugins.SemanticdbPlugin),Set(Atom(sbt.plugins.JvmPlugin))), Clause(Atom(sbt.plugins.JUnitXmlReportPlugin),Set(Atom(sbt.plugins.JvmPlugin))), Clause(Atom(sbt.plugins.MiniDependencyTreePlugin),Set(Atom(sbt.plugins.JvmPlugin))), Clause(Atom(sbt.plugins.CorePlugin),Set(Atom(sbt.plugins.IvyPlugin))), Clause(Atom(sbt.plugins.IvyPlugin),Set(Atom(sbt.plugins.JvmPlugin))), Clause(Atom(sbt.plugins.JvmPlugin),Set(Atom(sbt.plugins.SemanticdbPlugin))), Clause(Atom(sbt.plugins.JvmPlugin),Set(Atom(sbt.plugins.JUnitXmlReportPlugin))), Clause(Atom(sbt.plugins.CorePlugin),Set(Atom(sbt.plugins.Giter8TemplatePlugin))), Clause(Atom(sbt.plugins.JvmPlugin),Set(Atom(sbt.plugins.MiniDependencyTreePlugin)))))
[debug]   :: deduced result: Matched(sbt.plugins.CorePlugin,sbt.plugins.Giter8TemplatePlugin,sbt.plugins.IvyPlugin,sbt.plugins.JvmPlugin,sbt.plugins.MiniDependencyTreePlugin,sbt.plugins.JUnitXmlReportPlugin,sbt.plugins.SemanticdbPlugin)
[debug] Plugins.deducer#function took 2.2167 ms
[info] loading settings for project lab1-build from idea1.sbt ...
[debug]               Load.resolveProject(lab1-build) took 4.219ms
[debug]             Load.loadTransitive: finalizeProject(Project(id lab1-build, base: C:\Users\tanya\Documents\University\RTP\Lab1\project, plugins: List(<none>))) took 7.1183ms
[debug] [Loading] Done in C:\Users\tanya\Documents\University\RTP\Lab1\project, returning: (lab1-build)
[debug]           Load.loadUnit: loadedProjectsRaw took 3434.3666ms
[debug]           Load.loadUnit: cleanEvalClasses took 5.2631ms
[debug]         Load.loadUnit(file:/C:/Users/tanya/Documents/University/RTP/Lab1/project/, ...) took 3474.1577ms
[debug]       Load.apply: load took 3476.46ms
[debug]       Load.apply: resolveProjects took 0.1408ms
[debug]       Load.apply: finalTransforms took 17.2118ms
[debug]       Load.apply: config.delegates took 0.5454ms
[debug]       Load.apply: Def.make(settings)... took 109.9875ms
[debug]       Load.apply: structureIndex took 40.3351ms
[debug]       Load.apply: mkStreams took 0.0027ms
[info] loading project definition from C:\Users\tanya\Documents\University\RTP\Lab1\project
[debug] Running task... Cancel: Signal, check cycles: false, forcegc: true
[debug]     Load.loadUnit: plugins took 5227.979ms
[debug]     Load.loadUnit: defsScala took 0.0057ms
[debug] [Loading] Scanning directory C:\Users\tanya\Documents\University\RTP\Lab1
[debug]       Load.loadUnit: mkEval took 0.4255ms
[debug] [Loading] Found non-root projects 
[debug] [Loading] Done in C:\Users\tanya\Documents\University\RTP\Lab1, returning: ()
[debug] deducing auto plugins based on known facts Set(Atom(sbt.plugins.CorePlugin)) and clauses Clauses(List(Clause(Atom(sbt.plugins.JvmPlugin),Set(Atom(sbt.plugins.IvyPlugin))), Clause(Atom(sbt.ScriptedPlugin),Set(Atom(sbt.plugins.JvmPlugin))), Clause(Atom(sbt.plugins.SbtPlugin),Set(Atom(sbt.ScriptedPlugin))), Clause(Atom(sbt.plugins.SemanticdbPlugin),Set(Atom(sbt.plugins.JvmPlugin))), Clause(Atom(sbt.plugins.JUnitXmlReportPlugin),Set(Atom(sbt.plugins.JvmPlugin))), Clause(Atom(sbt.plugins.MiniDependencyTreePlugin),Set(Atom(sbt.plugins.JvmPlugin))), Clause(Atom(org.jetbrains.sbt.StructurePlugin),Set(Atom(sbt.plugins.JvmPlugin))), Clause(Atom(org.jetbrains.sbt.IdeaShellPlugin),Set(Atom(sbt.plugins.JvmPlugin))), Clause(Atom(org.jetbrains.sbt.indices.SbtIntellijIndicesPlugin),Set(Atom(sbt.plugins.JvmPlugin))), Clause(Atom(sbt.plugins.CorePlugin),Set(Atom(sbt.plugins.IvyPlugin))), Clause(Atom(sbt.plugins.IvyPlugin),Set(Atom(sbt.plugins.JvmPlugin))), Clause(Atom(sbt.plugins.JvmPlugin),Set(Atom(sbt.plugins.SemanticdbPlugin))), Clause(Atom(sbt.plugins.JvmPlugin),Set(Atom(sbt.plugins.JUnitXmlReportPlugin))), Clause(Atom(sbt.plugins.CorePlugin),Set(Atom(sbt.plugins.Giter8TemplatePlugin))), Clause(Atom(sbt.plugins.JvmPlugin),Set(Atom(sbt.plugins.MiniDependencyTreePlugin))), Clause(Atom(sbt.plugins.JvmPlugin),Set(Atom(org.jetbrains.sbt.StructurePlugin))), Clause(Atom(sbt.plugins.JvmPlugin),Set(Atom(org.jetbrains.sbt.IdeaShellPlugin))), Clause(And(Set(Atom(sbt.plugins.CorePlugin), Atom(sbt.plugins.JvmPlugin))),Set(Atom(org.jetbrains.sbt.indices.SbtIntellijIndicesPlugin)))))
[debug]   :: deduced result: Matched(sbt.plugins.CorePlugin,sbt.plugins.Giter8TemplatePlugin,sbt.plugins.IvyPlugin,sbt.plugins.JvmPlugin,sbt.plugins.SemanticdbPlugin,org.jetbrains.sbt.indices.SbtIntellijIndicesPlugin,sbt.plugins.JUnitXmlReportPlugin,org.jetbrains.sbt.IdeaShellPlugin,org.jetbrains.sbt.StructurePlugin,sbt.plugins.MiniDependencyTreePlugin)
[debug] Plugins.deducer#function took 2.7577 ms
[info] loading settings for project lab1 from build.sbt ...
[debug]         Load.resolveProject(lab1) took 54.0985ms
[debug]       Load.loadTransitive: finalizeProject(Project(id lab1, base: C:\Users\tanya\Documents\University\RTP\Lab1, plugins: List(<none>))) took 58.5376ms
[debug] [Loading] Done in C:\Users\tanya\Documents\University\RTP\Lab1, returning: (lab1)
[debug]     Load.loadUnit: loadedProjectsRaw took 2031.2076ms
[debug]     Load.loadUnit: cleanEvalClasses took 18.2396ms
[debug]   Load.loadUnit(file:/C:/Users/tanya/Documents/University/RTP/Lab1/, ...) took 7278.351ms
[debug] Load.apply: load took 7280.31ms
[debug] Load.apply: resolveProjects took 0.1548ms
[debug] Load.apply: finalTransforms took 41.1095ms
[debug] Load.apply: config.delegates took 0.425ms
[debug] Load.apply: Def.make(settings)... took 102.5641ms
[debug] Load.apply: structureIndex took 44.6547ms
[debug] Load.apply: mkStreams took 0.003ms
[info] set current project to Lab1 (in build file:/C:/Users/tanya/Documents/University/RTP/Lab1/)
[debug] > Exec(sbtPopOnFailure, None, None)
[debug] > Exec(resumeFromFailure, None, None)
[debug] > Exec(notifyUsersAboutShell, None, None)
[debug] > Exec(iflast shell, None, None)
[debug] > Exec(; set ideaPort in Global := 63229 ; idea-shell, None, None)
[debug] > Exec(set ideaPort in Global := 63229, None, None)
[info] Defining Global / ideaPort
[info] The new value will be used by Compile / compile, Test / compile
[debug] Defining 
[debug] 	Global / ideaPort
[debug] 
[debug] The new value will be used by 
[debug] 	Compile / compile
[debug] 	Test / compile
[info] Reapplying settings...
[info] set current project to Lab1 (in build file:/C:/Users/tanya/Documents/University/RTP/Lab1/)
[debug] > Exec(idea-shell, None, None)
